[2020-01-13 22:46:31,000: INFO/MainProcess] Writing entries...
[2020-01-13 22:49:29,209: INFO/MainProcess] Writing entries...
[2020-01-13 22:49:29,210: INFO/MainProcess] Writing entries...
[2020-01-13 22:49:29,210: INFO/MainProcess] Writing entries...
[2020-01-13 22:49:29,210: INFO/MainProcess] Writing entries...
[2020-01-13 22:49:31,963: INFO/MainProcess] beat: Starting...
[2020-01-13 22:49:31,963: INFO/MainProcess] Writing entries...
[2020-01-13 22:49:37,012: INFO/MainProcess] Writing entries...
[2020-01-13 22:52:23,142: INFO/MainProcess] Writing entries...
[2020-01-13 22:52:23,142: INFO/MainProcess] Writing entries...
[2020-01-13 22:52:23,142: INFO/MainProcess] Writing entries...
[2020-01-13 22:52:23,143: INFO/MainProcess] Writing entries...
[2020-01-13 22:52:25,553: INFO/MainProcess] beat: Starting...
[2020-01-13 22:52:25,553: INFO/MainProcess] Writing entries...
[2020-01-13 22:52:30,602: INFO/MainProcess] Writing entries...
[2020-01-13 22:55:31,022: INFO/MainProcess] Writing entries...
[2020-01-13 22:58:31,469: INFO/MainProcess] Writing entries...
[2020-01-13 23:01:31,877: INFO/MainProcess] Writing entries...
[2020-01-13 23:01:50,224: INFO/MainProcess] Writing entries...
[2020-01-13 23:01:50,225: INFO/MainProcess] Writing entries...
[2020-01-13 23:01:50,225: INFO/MainProcess] Writing entries...
[2020-01-13 23:01:50,225: INFO/MainProcess] Writing entries...
[2020-01-13 23:01:52,703: INFO/MainProcess] beat: Starting...
[2020-01-13 23:01:52,703: INFO/MainProcess] Writing entries...
[2020-01-13 23:01:57,755: INFO/MainProcess] Writing entries...
[2020-01-13 23:03:42,279: INFO/MainProcess] Writing entries...
[2020-01-13 23:03:42,280: INFO/MainProcess] Writing entries...
[2020-01-13 23:03:42,280: INFO/MainProcess] Writing entries...
[2020-01-13 23:03:42,280: INFO/MainProcess] Writing entries...
[2020-01-13 23:03:44,749: INFO/MainProcess] beat: Starting...
[2020-01-13 23:03:44,749: INFO/MainProcess] Writing entries...
[2020-01-13 23:03:49,798: INFO/MainProcess] Writing entries...
[2020-01-13 23:06:50,246: INFO/MainProcess] Writing entries...
[2020-01-13 23:09:27,617: INFO/MainProcess] Writing entries...
[2020-01-13 23:09:27,617: INFO/MainProcess] Writing entries...
[2020-01-13 23:09:27,617: INFO/MainProcess] Writing entries...
[2020-01-13 23:09:27,617: INFO/MainProcess] Writing entries...
[2020-01-13 23:09:30,047: INFO/MainProcess] beat: Starting...
[2020-01-13 23:09:30,047: INFO/MainProcess] Writing entries...
[2020-01-13 23:09:35,094: INFO/MainProcess] Writing entries...
[2020-01-13 23:12:35,515: INFO/MainProcess] Writing entries...
[2020-01-13 23:13:48,437: INFO/MainProcess] Writing entries...
[2020-01-13 23:13:48,437: INFO/MainProcess] Writing entries...
[2020-01-13 23:13:48,437: INFO/MainProcess] Writing entries...
[2020-01-13 23:13:48,437: INFO/MainProcess] Writing entries...
[2020-01-13 23:13:50,913: INFO/MainProcess] beat: Starting...
[2020-01-13 23:13:50,913: INFO/MainProcess] Writing entries...
[2020-01-13 23:13:55,962: INFO/MainProcess] Writing entries...
[2020-01-13 23:16:56,380: INFO/MainProcess] Writing entries...
[2020-01-13 23:19:56,800: INFO/MainProcess] Writing entries...
[2020-01-13 23:20:49,124: INFO/MainProcess] Writing entries...
[2020-01-13 23:20:49,124: INFO/MainProcess] Writing entries...
[2020-01-13 23:20:49,124: INFO/MainProcess] Writing entries...
[2020-01-13 23:20:49,124: INFO/MainProcess] Writing entries...
[2020-01-13 23:20:51,551: INFO/MainProcess] beat: Starting...
[2020-01-13 23:20:51,551: INFO/MainProcess] Writing entries...
[2020-01-13 23:20:56,600: INFO/MainProcess] Writing entries...
[2020-01-13 23:23:57,018: INFO/MainProcess] Writing entries...
[2020-01-14 00:03:44,266: INFO/MainProcess] Writing entries...
[2020-01-14 00:06:45,332: INFO/MainProcess] Writing entries...
[2020-01-14 00:09:45,718: INFO/MainProcess] Writing entries...
[2020-01-14 00:12:46,179: INFO/MainProcess] Writing entries...
[2020-01-14 00:15:46,695: INFO/MainProcess] Writing entries...
[2020-01-14 00:18:47,198: INFO/MainProcess] Writing entries...
[2020-01-14 00:21:47,679: INFO/MainProcess] Writing entries...
[2020-01-14 00:24:48,182: INFO/MainProcess] Writing entries...
[2020-01-14 00:27:48,654: INFO/MainProcess] Writing entries...
[2020-01-14 00:30:49,172: INFO/MainProcess] Writing entries...
[2020-01-14 00:33:49,714: INFO/MainProcess] Writing entries...
[2020-01-14 00:36:50,207: INFO/MainProcess] Writing entries...
[2020-01-14 00:39:50,732: INFO/MainProcess] Writing entries...
[2020-01-14 00:42:51,225: INFO/MainProcess] Writing entries...
[2020-01-14 00:45:51,741: INFO/MainProcess] Writing entries...
[2020-01-14 00:48:52,225: INFO/MainProcess] Writing entries...
[2020-01-14 00:51:52,714: INFO/MainProcess] Writing entries...
[2020-01-14 00:54:53,217: INFO/MainProcess] Writing entries...
[2020-01-14 00:57:53,695: INFO/MainProcess] Writing entries...
[2020-01-14 01:00:54,233: INFO/MainProcess] Writing entries...
[2020-01-14 01:03:54,727: INFO/MainProcess] Writing entries...
[2020-01-14 01:06:55,229: INFO/MainProcess] Writing entries...
[2020-01-14 01:09:55,716: INFO/MainProcess] Writing entries...
[2020-01-14 01:12:56,211: INFO/MainProcess] Writing entries...
[2020-01-14 01:15:56,711: INFO/MainProcess] Writing entries...
[2020-01-14 01:18:57,189: INFO/MainProcess] Writing entries...
[2020-01-14 01:21:57,685: INFO/MainProcess] Writing entries...
[2020-01-14 01:24:58,155: INFO/MainProcess] Writing entries...
[2020-01-14 01:27:58,647: INFO/MainProcess] Writing entries...
[2020-01-14 01:30:59,161: INFO/MainProcess] Writing entries...
[2020-01-14 01:33:59,646: INFO/MainProcess] Writing entries...
[2020-01-14 01:37:00,168: INFO/MainProcess] Writing entries...
[2020-01-14 01:40:00,615: INFO/MainProcess] Writing entries...
[2020-01-14 01:43:01,102: INFO/MainProcess] Writing entries...
[2020-01-14 01:46:01,596: INFO/MainProcess] Writing entries...
[2020-01-14 01:49:02,108: INFO/MainProcess] Writing entries...
[2020-01-14 01:52:02,651: INFO/MainProcess] Writing entries...
[2020-01-14 01:55:03,140: INFO/MainProcess] Writing entries...
[2020-01-14 01:58:03,623: INFO/MainProcess] Writing entries...
[2020-01-14 02:01:04,123: INFO/MainProcess] Writing entries...
[2020-01-14 02:04:04,597: INFO/MainProcess] Writing entries...
[2020-01-14 02:07:05,091: INFO/MainProcess] Writing entries...
[2020-01-14 02:10:05,592: INFO/MainProcess] Writing entries...
[2020-01-14 02:13:06,107: INFO/MainProcess] Writing entries...
[2020-01-14 02:16:06,621: INFO/MainProcess] Writing entries...
[2020-01-14 02:19:07,127: INFO/MainProcess] Writing entries...
[2020-01-14 02:22:07,608: INFO/MainProcess] Writing entries...
[2020-01-14 02:25:08,146: INFO/MainProcess] Writing entries...
[2020-01-14 02:28:08,658: INFO/MainProcess] Writing entries...
[2020-01-14 02:31:09,162: INFO/MainProcess] Writing entries...
[2020-01-14 02:34:09,635: INFO/MainProcess] Writing entries...
[2020-01-14 02:37:10,100: INFO/MainProcess] Writing entries...
[2020-01-14 02:40:10,619: INFO/MainProcess] Writing entries...
[2020-01-14 02:43:11,090: INFO/MainProcess] Writing entries...
[2020-01-14 02:46:11,573: INFO/MainProcess] Writing entries...
[2020-01-14 02:49:12,063: INFO/MainProcess] Writing entries...
[2020-01-14 02:52:12,596: INFO/MainProcess] Writing entries...
[2020-01-14 02:55:13,099: INFO/MainProcess] Writing entries...
[2020-01-14 02:58:13,580: INFO/MainProcess] Writing entries...
[2020-01-14 03:00:00,017: INFO/MainProcess] Scheduler: Sending due task celery.backend_cleanup (celery.backend_cleanup)
[2020-01-14 03:01:15,268: INFO/MainProcess] Writing entries...
[2020-01-14 03:04:15,782: INFO/MainProcess] Writing entries...
[2020-01-14 03:07:16,298: INFO/MainProcess] Writing entries...
[2020-01-14 03:10:16,808: INFO/MainProcess] Writing entries...
[2020-01-14 03:13:17,321: INFO/MainProcess] Writing entries...
[2020-01-14 03:16:17,838: INFO/MainProcess] Writing entries...
[2020-01-14 03:19:18,340: INFO/MainProcess] Writing entries...
[2020-01-14 03:22:18,797: INFO/MainProcess] Writing entries...
[2020-01-14 03:25:19,295: INFO/MainProcess] Writing entries...
[2020-01-14 03:28:19,795: INFO/MainProcess] Writing entries...
[2020-01-14 03:31:20,317: INFO/MainProcess] Writing entries...
[2020-01-14 03:34:20,843: INFO/MainProcess] Writing entries...
[2020-01-14 03:37:21,299: INFO/MainProcess] Writing entries...
[2020-01-14 03:40:21,795: INFO/MainProcess] Writing entries...
[2020-01-14 03:43:22,282: INFO/MainProcess] Writing entries...
[2020-01-14 03:46:22,785: INFO/MainProcess] Writing entries...
[2020-01-14 03:49:23,254: INFO/MainProcess] Writing entries...
[2020-01-14 03:52:23,726: INFO/MainProcess] Writing entries...
[2020-01-14 03:55:24,207: INFO/MainProcess] Writing entries...
[2020-01-14 03:58:24,710: INFO/MainProcess] Writing entries...
[2020-01-14 04:01:25,176: INFO/MainProcess] Writing entries...
[2020-01-14 04:04:25,702: INFO/MainProcess] Writing entries...
[2020-01-14 04:07:26,208: INFO/MainProcess] Writing entries...
[2020-01-14 04:10:26,707: INFO/MainProcess] Writing entries...
[2020-01-14 04:13:27,197: INFO/MainProcess] Writing entries...
[2020-01-14 04:16:27,715: INFO/MainProcess] Writing entries...
[2020-01-14 04:19:28,236: INFO/MainProcess] Writing entries...
[2020-01-14 04:22:28,739: INFO/MainProcess] Writing entries...
[2020-01-14 04:25:29,239: INFO/MainProcess] Writing entries...
[2020-01-14 04:28:29,735: INFO/MainProcess] Writing entries...
[2020-01-14 04:31:30,197: INFO/MainProcess] Writing entries...
[2020-01-14 04:34:30,664: INFO/MainProcess] Writing entries...
[2020-01-14 04:37:31,173: INFO/MainProcess] Writing entries...
[2020-01-14 04:40:31,669: INFO/MainProcess] Writing entries...
[2020-01-14 04:43:32,154: INFO/MainProcess] Writing entries...
[2020-01-14 04:46:32,677: INFO/MainProcess] Writing entries...
[2020-01-14 04:49:33,173: INFO/MainProcess] Writing entries...
[2020-01-14 04:52:33,671: INFO/MainProcess] Writing entries...
[2020-01-14 04:55:34,160: INFO/MainProcess] Writing entries...
[2020-01-14 04:58:34,692: INFO/MainProcess] Writing entries...
[2020-01-14 05:01:35,190: INFO/MainProcess] Writing entries...
[2020-01-14 05:04:35,684: INFO/MainProcess] Writing entries...
[2020-01-14 05:07:36,163: INFO/MainProcess] Writing entries...
[2020-01-14 05:10:36,680: INFO/MainProcess] Writing entries...
[2020-01-14 05:13:37,183: INFO/MainProcess] Writing entries...
[2020-01-14 05:16:37,715: INFO/MainProcess] Writing entries...
[2020-01-14 05:19:38,225: INFO/MainProcess] Writing entries...
[2020-01-14 05:22:38,705: INFO/MainProcess] Writing entries...
[2020-01-14 05:25:39,220: INFO/MainProcess] Writing entries...
[2020-01-14 05:28:39,737: INFO/MainProcess] Writing entries...
[2020-01-14 05:31:40,271: INFO/MainProcess] Writing entries...
[2020-01-14 05:34:40,806: INFO/MainProcess] Writing entries...
[2020-01-14 05:37:41,300: INFO/MainProcess] Writing entries...
[2020-01-14 05:40:41,787: INFO/MainProcess] Writing entries...
[2020-01-14 05:43:42,266: INFO/MainProcess] Writing entries...
[2020-01-14 05:46:42,820: INFO/MainProcess] Writing entries...
[2020-01-14 05:49:43,306: INFO/MainProcess] Writing entries...
[2020-01-14 05:52:43,834: INFO/MainProcess] Writing entries...
[2020-01-14 05:55:44,327: INFO/MainProcess] Writing entries...
[2020-01-14 05:58:44,852: INFO/MainProcess] Writing entries...
[2020-01-14 06:01:45,368: INFO/MainProcess] Writing entries...
[2020-01-14 06:04:45,891: INFO/MainProcess] Writing entries...
[2020-01-14 06:07:46,405: INFO/MainProcess] Writing entries...
[2020-01-14 06:10:46,905: INFO/MainProcess] Writing entries...
[2020-01-14 06:13:47,440: INFO/MainProcess] Writing entries...
[2020-01-14 06:16:47,910: INFO/MainProcess] Writing entries...
[2020-01-14 06:19:48,407: INFO/MainProcess] Writing entries...
[2020-01-14 06:22:48,921: INFO/MainProcess] Writing entries...
[2020-01-14 06:25:49,415: INFO/MainProcess] Writing entries...
[2020-01-14 06:28:49,932: INFO/MainProcess] Writing entries...
[2020-01-14 06:31:50,455: INFO/MainProcess] Writing entries...
[2020-01-14 06:34:50,931: INFO/MainProcess] Writing entries...
[2020-01-14 06:37:51,407: INFO/MainProcess] Writing entries...
[2020-01-14 06:40:51,941: INFO/MainProcess] Writing entries...
[2020-01-14 06:43:52,416: INFO/MainProcess] Writing entries...
[2020-01-14 06:46:52,951: INFO/MainProcess] Writing entries...
[2020-01-14 06:49:53,400: INFO/MainProcess] Writing entries...
[2020-01-14 06:52:53,879: INFO/MainProcess] Writing entries...
[2020-01-14 06:55:54,384: INFO/MainProcess] Writing entries...
[2020-01-14 06:58:54,864: INFO/MainProcess] Writing entries...
[2020-01-14 08:14:57,128: INFO/MainProcess] Writing entries...
[2020-01-14 08:17:57,545: INFO/MainProcess] Writing entries...
[2020-01-14 08:20:51,781: INFO/MainProcess] Writing entries...
[2020-01-14 08:20:51,782: INFO/MainProcess] Writing entries...
[2020-01-14 08:20:51,782: INFO/MainProcess] Writing entries...
[2020-01-14 08:20:51,782: INFO/MainProcess] Writing entries...
[2020-01-14 08:20:55,223: INFO/MainProcess] beat: Starting...
[2020-01-14 08:20:55,223: INFO/MainProcess] Writing entries...
[2020-01-14 08:21:00,273: INFO/MainProcess] Writing entries...
[2020-01-14 08:23:43,151: INFO/MainProcess] Writing entries...
[2020-01-14 08:23:43,152: INFO/MainProcess] Writing entries...
[2020-01-14 08:23:43,152: INFO/MainProcess] Writing entries...
[2020-01-14 08:23:43,152: INFO/MainProcess] Writing entries...
[2020-01-14 08:23:45,482: INFO/MainProcess] beat: Starting...
[2020-01-14 08:23:45,482: INFO/MainProcess] Writing entries...
[2020-01-14 08:23:50,531: INFO/MainProcess] Writing entries...
[2020-01-14 08:26:50,935: INFO/MainProcess] Writing entries...
[2020-01-14 08:29:51,319: INFO/MainProcess] Writing entries...
[2020-01-14 08:31:23,352: INFO/MainProcess] Writing entries...
[2020-01-14 08:31:23,352: INFO/MainProcess] Writing entries...
[2020-01-14 08:31:23,353: INFO/MainProcess] Writing entries...
[2020-01-14 08:31:23,353: INFO/MainProcess] Writing entries...
[2020-01-14 08:31:26,716: INFO/MainProcess] beat: Starting...
[2020-01-14 08:31:26,716: INFO/MainProcess] Writing entries...
[2020-01-14 08:31:31,763: INFO/MainProcess] Writing entries...
[2020-01-14 08:33:50,000: INFO/MainProcess] Writing entries...
[2020-01-14 08:33:50,000: INFO/MainProcess] Writing entries...
[2020-01-14 08:33:50,000: INFO/MainProcess] Writing entries...
[2020-01-14 08:33:50,000: INFO/MainProcess] Writing entries...
[2020-01-14 08:33:52,596: INFO/MainProcess] beat: Starting...
[2020-01-14 08:33:52,597: INFO/MainProcess] Writing entries...
[2020-01-14 08:33:57,643: INFO/MainProcess] Writing entries...
[2020-01-14 08:35:18,007: INFO/MainProcess] Writing entries...
[2020-01-14 08:35:18,008: INFO/MainProcess] Writing entries...
[2020-01-14 08:35:18,008: INFO/MainProcess] Writing entries...
[2020-01-14 08:35:18,008: INFO/MainProcess] Writing entries...
[2020-01-14 08:35:21,373: INFO/MainProcess] beat: Starting...
[2020-01-14 08:35:21,374: INFO/MainProcess] Writing entries...
[2020-01-14 08:35:26,418: INFO/MainProcess] Writing entries...
[2020-01-14 08:37:34,113: INFO/MainProcess] Writing entries...
[2020-01-14 08:37:34,113: INFO/MainProcess] Writing entries...
[2020-01-14 08:37:34,113: INFO/MainProcess] Writing entries...
[2020-01-14 08:37:34,113: INFO/MainProcess] Writing entries...
[2020-01-14 08:37:36,644: INFO/MainProcess] beat: Starting...
[2020-01-14 08:37:36,645: INFO/MainProcess] Writing entries...
[2020-01-14 08:37:41,690: INFO/MainProcess] Writing entries...
[2020-01-14 08:40:42,125: INFO/MainProcess] Writing entries...
[2020-01-14 08:42:47,271: INFO/MainProcess] Writing entries...
[2020-01-14 08:42:47,272: INFO/MainProcess] Writing entries...
[2020-01-14 08:42:47,272: INFO/MainProcess] Writing entries...
[2020-01-14 08:42:47,272: INFO/MainProcess] Writing entries...
[2020-01-14 08:42:50,717: INFO/MainProcess] beat: Starting...
[2020-01-14 08:42:50,717: INFO/MainProcess] Writing entries...
[2020-01-14 08:42:55,767: INFO/MainProcess] Writing entries...
[2020-01-14 08:45:56,146: INFO/MainProcess] Writing entries...
[2020-01-14 08:46:33,159: INFO/MainProcess] Writing entries...
[2020-01-14 08:46:33,159: INFO/MainProcess] Writing entries...
[2020-01-14 08:46:33,160: INFO/MainProcess] Writing entries...
[2020-01-14 08:46:33,160: INFO/MainProcess] Writing entries...
[2020-01-14 08:46:35,510: INFO/MainProcess] beat: Starting...
[2020-01-14 08:46:35,510: INFO/MainProcess] Writing entries...
[2020-01-14 08:46:40,557: INFO/MainProcess] Writing entries...
[2020-01-14 08:49:40,964: INFO/MainProcess] Writing entries...
[2020-01-14 08:50:40,659: INFO/MainProcess] Writing entries...
[2020-01-14 08:50:40,660: INFO/MainProcess] Writing entries...
[2020-01-14 08:50:40,660: INFO/MainProcess] Writing entries...
[2020-01-14 08:50:40,660: INFO/MainProcess] Writing entries...
[2020-01-14 08:50:43,157: INFO/MainProcess] beat: Starting...
[2020-01-14 08:50:43,157: INFO/MainProcess] Writing entries...
[2020-01-14 08:50:48,206: INFO/MainProcess] Writing entries...
[2020-01-14 08:52:10,746: INFO/MainProcess] Writing entries...
[2020-01-14 08:52:10,747: INFO/MainProcess] Writing entries...
[2020-01-14 08:52:10,747: INFO/MainProcess] Writing entries...
[2020-01-14 08:52:10,747: INFO/MainProcess] Writing entries...
[2020-01-14 08:52:13,257: INFO/MainProcess] beat: Starting...
[2020-01-14 08:52:13,257: INFO/MainProcess] Writing entries...
[2020-01-14 08:52:18,304: INFO/MainProcess] Writing entries...
[2020-01-14 08:55:18,748: INFO/MainProcess] Writing entries...
[2020-01-14 08:58:12,947: INFO/MainProcess] Writing entries...
[2020-01-14 08:58:12,947: INFO/MainProcess] Writing entries...
[2020-01-14 08:58:12,947: INFO/MainProcess] Writing entries...
[2020-01-14 08:58:12,947: INFO/MainProcess] Writing entries...
[2020-01-14 08:58:15,486: INFO/MainProcess] beat: Starting...
[2020-01-14 08:58:15,486: INFO/MainProcess] Writing entries...
[2020-01-14 08:58:15,529: INFO/MainProcess] DatabaseScheduler: Schedule changed.
[2020-01-14 08:58:15,529: INFO/MainProcess] Writing entries...
[2020-01-14 08:58:20,558: INFO/MainProcess] Writing entries...
[2020-01-14 08:58:45,533: INFO/MainProcess] Scheduler: Sending due task refresh_monitored_cves (vulns.tasks.refresh_monitored_cve_task)
[2020-01-14 08:59:15,526: INFO/MainProcess] Scheduler: Sending due task refresh_monitored_cves (vulns.tasks.refresh_monitored_cve_task)
[2020-01-14 08:59:45,531: INFO/MainProcess] Scheduler: Sending due task refresh_monitored_cves (vulns.tasks.refresh_monitored_cve_task)
[2020-01-14 09:00:15,536: INFO/MainProcess] Scheduler: Sending due task refresh_monitored_cves (vulns.tasks.refresh_monitored_cve_task)
[2020-01-14 09:00:15,900: INFO/MainProcess] Writing entries...
[2020-01-14 09:00:15,914: INFO/MainProcess] Writing entries...
[2020-01-14 09:00:15,914: INFO/MainProcess] Writing entries...
[2020-01-14 09:00:15,914: INFO/MainProcess] Writing entries...
[2020-01-14 09:00:18,399: INFO/MainProcess] beat: Starting...
[2020-01-14 09:00:18,399: INFO/MainProcess] Writing entries...
[2020-01-14 09:00:18,448: INFO/MainProcess] DatabaseScheduler: Schedule changed.
[2020-01-14 09:00:18,448: INFO/MainProcess] Writing entries...
[2020-01-14 09:00:23,477: INFO/MainProcess] Writing entries...
[2020-01-14 09:01:15,547: INFO/MainProcess] Scheduler: Sending due task refresh_monitored_cves (vulns.tasks.refresh_monitored_cve_task)
[2020-01-14 09:02:15,539: INFO/MainProcess] Scheduler: Sending due task refresh_monitored_cves (vulns.tasks.refresh_monitored_cve_task)
[2020-01-14 09:03:15,542: INFO/MainProcess] Scheduler: Sending due task refresh_monitored_cves (vulns.tasks.refresh_monitored_cve_task)
[2020-01-14 09:03:25,565: INFO/MainProcess] Writing entries...
[2020-01-14 09:04:15,547: INFO/MainProcess] Scheduler: Sending due task refresh_monitored_cves (vulns.tasks.refresh_monitored_cve_task)
[2020-01-14 09:05:15,553: INFO/MainProcess] Scheduler: Sending due task refresh_monitored_cves (vulns.tasks.refresh_monitored_cve_task)
[2020-01-14 09:06:15,555: INFO/MainProcess] Scheduler: Sending due task refresh_monitored_cves (vulns.tasks.refresh_monitored_cve_task)
[2020-01-14 09:06:30,594: INFO/MainProcess] Writing entries...
[2020-01-14 09:07:15,561: INFO/MainProcess] Scheduler: Sending due task refresh_monitored_cves (vulns.tasks.refresh_monitored_cve_task)
[2020-01-14 09:08:15,565: INFO/MainProcess] Scheduler: Sending due task refresh_monitored_cves (vulns.tasks.refresh_monitored_cve_task)
[2020-01-14 09:09:15,570: INFO/MainProcess] Scheduler: Sending due task refresh_monitored_cves (vulns.tasks.refresh_monitored_cve_task)
[2020-01-14 09:09:35,624: INFO/MainProcess] Writing entries...
[2020-01-14 09:10:15,576: INFO/MainProcess] Scheduler: Sending due task refresh_monitored_cves (vulns.tasks.refresh_monitored_cve_task)
[2020-01-14 09:11:15,579: INFO/MainProcess] Scheduler: Sending due task refresh_monitored_cves (vulns.tasks.refresh_monitored_cve_task)
[2020-01-14 09:12:15,581: INFO/MainProcess] Scheduler: Sending due task refresh_monitored_cves (vulns.tasks.refresh_monitored_cve_task)
[2020-01-14 09:12:40,643: INFO/MainProcess] Writing entries...
[2020-01-14 09:13:15,583: INFO/MainProcess] Scheduler: Sending due task refresh_monitored_cves (vulns.tasks.refresh_monitored_cve_task)
[2020-01-14 09:14:15,584: INFO/MainProcess] Scheduler: Sending due task refresh_monitored_cves (vulns.tasks.refresh_monitored_cve_task)
[2020-01-14 09:15:15,586: INFO/MainProcess] Scheduler: Sending due task refresh_monitored_cves (vulns.tasks.refresh_monitored_cve_task)
[2020-01-14 09:15:45,661: INFO/MainProcess] Writing entries...
[2020-01-14 09:16:15,590: INFO/MainProcess] Scheduler: Sending due task refresh_monitored_cves (vulns.tasks.refresh_monitored_cve_task)
[2020-01-14 09:17:15,594: INFO/MainProcess] Scheduler: Sending due task refresh_monitored_cves (vulns.tasks.refresh_monitored_cve_task)
[2020-01-14 09:18:15,600: INFO/MainProcess] Scheduler: Sending due task refresh_monitored_cves (vulns.tasks.refresh_monitored_cve_task)
[2020-01-14 09:18:50,676: INFO/MainProcess] Writing entries...
[2020-01-14 09:19:15,601: INFO/MainProcess] Scheduler: Sending due task refresh_monitored_cves (vulns.tasks.refresh_monitored_cve_task)
