2020-02-11 10:48:39,954 django.utils.autoreload INFO     Watching for file changes with StatReloader
2020-02-11 10:49:16,674 django.server INFO     "GET /api/kb/cves/async HTTP/1.1" 200 11
2020-02-11 12:00:54,700 django.utils.autoreload INFO     /Users/nicolas/Documents/Projets/Patrowl/PatrowlHears/backend_app/backend_app/settings.py changed, reloading.
2020-02-11 12:00:55,832 django.utils.autoreload INFO     Watching for file changes with StatReloader
2020-02-11 12:59:01,638 django.utils.autoreload INFO     /Users/nicolas/Documents/Projets/Patrowl/PatrowlHears/backend_app/backend_app/settings.py changed, reloading.
2020-02-11 12:59:02,738 django.utils.autoreload INFO     Watching for file changes with StatReloader
2020-02-11 14:32:02,329 django.request WARNING  Not Found: /static/admin/css/base.css
2020-02-11 14:32:02,342 django.request WARNING  Not Found: /static/admin/css/dashboard.css
2020-02-11 14:32:02,351 django.request WARNING  Not Found: /static/admin/css/responsive.css
2020-02-11 14:32:02,618 django.request WARNING  Not Found: /favicon.ico
2020-02-11 14:32:04,404 django.request WARNING  Not Found: /static/rest_framework/css/bootstrap.min.css
2020-02-11 14:32:04,418 django.request WARNING  Not Found: /static/rest_framework/css/bootstrap-tweaks.css
2020-02-11 14:32:04,427 django.request WARNING  Not Found: /static/rest_framework/css/prettify.css
2020-02-11 14:32:04,436 django.request WARNING  Not Found: /static/rest_framework/css/default.css
2020-02-11 14:32:04,448 django.request WARNING  Not Found: /static/rest_framework/js/jquery-3.4.1.min.js
2020-02-11 14:32:04,456 django.request WARNING  Not Found: /static/rest_framework/js/ajax-form.js
2020-02-11 14:32:04,464 django.request WARNING  Not Found: /static/rest_framework/js/csrf.js
2020-02-11 14:32:04,472 django.request WARNING  Not Found: /static/rest_framework/js/bootstrap.min.js
2020-02-11 14:32:04,480 django.request WARNING  Not Found: /static/rest_framework/js/prettify-min.js
2020-02-11 14:32:04,487 django.request WARNING  Not Found: /static/rest_framework/js/default.js
2020-02-11 14:32:48,503 django.request WARNING  Not Found: /static/rest_framework/css/bootstrap.min.css
2020-02-11 14:32:48,511 django.request WARNING  Not Found: /static/rest_framework/css/bootstrap-tweaks.css
2020-02-11 14:32:48,518 django.request WARNING  Not Found: /static/rest_framework/css/prettify.css
2020-02-11 14:32:48,527 django.request WARNING  Not Found: /static/rest_framework/css/default.css
2020-02-11 14:32:57,257 django.request WARNING  Not Found: /static/rest_framework/css/bootstrap.min.css
2020-02-11 14:32:57,267 django.request WARNING  Not Found: /static/rest_framework/css/bootstrap-tweaks.css
2020-02-11 14:32:57,280 django.request WARNING  Not Found: /static/rest_framework/css/prettify.css
2020-02-11 14:32:57,289 django.request WARNING  Not Found: /static/rest_framework/css/default.css
2020-02-11 14:32:57,299 django.request WARNING  Not Found: /static/rest_framework/js/jquery-3.4.1.min.js
2020-02-11 14:32:57,307 django.request WARNING  Not Found: /static/rest_framework/js/ajax-form.js
2020-02-11 14:32:57,313 django.request WARNING  Not Found: /static/rest_framework/js/csrf.js
2020-02-11 14:32:57,321 django.request WARNING  Not Found: /static/rest_framework/js/bootstrap.min.js
2020-02-11 14:32:57,328 django.request WARNING  Not Found: /static/rest_framework/js/prettify-min.js
2020-02-11 14:32:57,336 django.request WARNING  Not Found: /static/rest_framework/js/default.js
2020-02-11 14:32:59,952 django.request WARNING  Not Found: /static/rest_framework/css/bootstrap.min.css
2020-02-11 14:32:59,963 django.request WARNING  Not Found: /static/rest_framework/css/prettify.css
2020-02-11 14:32:59,972 django.request WARNING  Not Found: /static/rest_framework/js/jquery-3.4.1.min.js
2020-02-11 14:32:59,981 django.request WARNING  Not Found: /static/rest_framework/css/bootstrap-tweaks.css
2020-02-11 14:32:59,989 django.request WARNING  Not Found: /static/rest_framework/js/ajax-form.js
2020-02-11 14:32:59,996 django.request WARNING  Not Found: /static/rest_framework/css/default.css
2020-02-11 14:33:00,006 django.request WARNING  Not Found: /static/rest_framework/js/csrf.js
2020-02-11 14:33:00,013 django.request WARNING  Not Found: /static/rest_framework/js/bootstrap.min.js
2020-02-11 14:33:00,021 django.request WARNING  Not Found: /static/rest_framework/js/prettify-min.js
2020-02-11 14:33:00,028 django.request WARNING  Not Found: /static/rest_framework/js/default.js
2020-02-11 14:33:00,036 django.request WARNING  Not Found: /static/rest_framework/js/jquery-3.4.1.min.js
2020-02-11 14:33:00,048 django.request WARNING  Not Found: /static/rest_framework/js/ajax-form.js
2020-02-11 14:33:00,059 django.request WARNING  Not Found: /static/rest_framework/js/csrf.js
2020-02-11 14:33:00,069 django.request WARNING  Not Found: /static/rest_framework/js/bootstrap.min.js
2020-02-11 14:33:00,079 django.request WARNING  Not Found: /static/rest_framework/js/prettify-min.js
2020-02-11 14:33:00,089 django.request WARNING  Not Found: /static/rest_framework/js/default.js
2020-02-11 14:33:00,117 django.request WARNING  Not Found: /favicon.ico
2020-02-11 14:37:23,106 django.request WARNING  Not Found: /static/rest_framework/css/bootstrap.min.css
2020-02-11 14:37:23,118 django.request WARNING  Not Found: /static/rest_framework/css/bootstrap-tweaks.css
2020-02-11 14:37:23,128 django.request WARNING  Not Found: /static/rest_framework/css/prettify.css
2020-02-11 14:37:23,138 django.request WARNING  Not Found: /static/rest_framework/css/default.css
2020-02-11 14:37:23,149 django.request WARNING  Not Found: /static/rest_framework/js/jquery-3.4.1.min.js
2020-02-11 14:37:23,157 django.request WARNING  Not Found: /static/rest_framework/js/ajax-form.js
2020-02-11 14:37:23,165 django.request WARNING  Not Found: /static/rest_framework/js/csrf.js
2020-02-11 14:37:23,172 django.request WARNING  Not Found: /static/rest_framework/js/bootstrap.min.js
2020-02-11 14:37:23,180 django.request WARNING  Not Found: /static/rest_framework/js/prettify-min.js
2020-02-11 14:37:23,188 django.request WARNING  Not Found: /static/rest_framework/js/default.js
2020-02-11 14:37:38,519 django.request WARNING  Not Found: /static/rest_framework/css/bootstrap.min.css
2020-02-11 14:37:42,363 django.request WARNING  Not Found: /staticfiles/rest_framework/css/bootstrap.min.css
