2020-01-13 15:17:11,052 INFO RPC interface 'supervisor' initialized
2020-01-13 15:17:11,052 CRIT Server 'inet_http_server' running without any HTTP authentication checking
2020-01-13 15:17:11,054 INFO daemonizing the supervisord process
2020-01-13 15:17:11,055 INFO supervisord started with pid 48591
2020-01-13 15:17:12,060 INFO spawned: 'celery-default' with pid 48596
2020-01-13 15:17:12,064 INFO spawned: 'celery-beat' with pid 48597
2020-01-13 15:17:12,486 INFO exited: celery-beat (exit status 1; not expected)
2020-01-13 15:17:12,487 INFO exited: celery-default (exit status 1; not expected)
2020-01-13 15:17:13,490 INFO spawned: 'celery-default' with pid 48606
2020-01-13 15:17:13,493 INFO spawned: 'celery-beat' with pid 48607
2020-01-13 15:17:13,739 INFO exited: celery-beat (exit status 1; not expected)
2020-01-13 15:17:13,739 INFO exited: celery-default (exit status 1; not expected)
2020-01-13 15:17:16,591 INFO spawned: 'celery-default' with pid 48624
2020-01-13 15:17:16,595 INFO spawned: 'celery-beat' with pid 48625
2020-01-13 15:17:16,829 INFO exited: celery-beat (exit status 1; not expected)
2020-01-13 15:17:16,830 INFO exited: celery-default (exit status 1; not expected)
2020-01-13 15:17:20,639 INFO spawned: 'celery-default' with pid 48649
2020-01-13 15:17:20,643 INFO spawned: 'celery-beat' with pid 48650
2020-01-13 15:17:20,901 INFO exited: celery-default (exit status 1; not expected)
2020-01-13 15:17:20,901 INFO exited: celery-beat (exit status 1; not expected)
2020-01-13 15:17:21,903 INFO gave up: celery-default entered FATAL state, too many start retries too quickly
2020-01-13 15:17:21,903 INFO gave up: celery-beat entered FATAL state, too many start retries too quickly
2020-01-13 15:19:59,679 INFO spawned: 'celery-default' with pid 49227
2020-01-13 15:19:59,681 INFO spawned: 'celery-beat' with pid 49228
2020-01-13 15:20:05,194 INFO success: celery-default entered RUNNING state, process has stayed up for > than 5 seconds (startsecs)
2020-01-13 15:20:05,195 INFO success: celery-beat entered RUNNING state, process has stayed up for > than 5 seconds (startsecs)
2020-01-13 23:16:19,287 INFO waiting for celery-default to stop
2020-01-13 23:16:19,287 INFO waiting for celery-beat to stop
2020-01-13 23:16:19,477 INFO stopped: celery-beat (exit status 0)
2020-01-13 23:16:21,009 INFO stopped: celery-default (exit status 0)
2020-01-13 23:16:21,018 INFO spawned: 'celery-default' with pid 89752
2020-01-13 23:16:21,021 INFO spawned: 'celery-beat' with pid 89753
2020-01-13 23:16:26,234 INFO success: celery-default entered RUNNING state, process has stayed up for > than 5 seconds (startsecs)
2020-01-13 23:16:26,235 INFO success: celery-beat entered RUNNING state, process has stayed up for > than 5 seconds (startsecs)
2020-01-13 23:49:29,209 INFO waiting for celery-default to stop
2020-01-13 23:49:29,209 INFO waiting for celery-beat to stop
2020-01-13 23:49:29,324 INFO stopped: celery-beat (exit status 0)
2020-01-13 23:49:30,879 INFO stopped: celery-default (exit status 0)
2020-01-13 23:49:30,885 INFO spawned: 'celery-default' with pid 99106
2020-01-13 23:49:30,887 INFO spawned: 'celery-beat' with pid 99107
2020-01-13 23:49:36,385 INFO success: celery-default entered RUNNING state, process has stayed up for > than 5 seconds (startsecs)
2020-01-13 23:49:36,386 INFO success: celery-beat entered RUNNING state, process has stayed up for > than 5 seconds (startsecs)
2020-01-13 23:52:23,141 INFO waiting for celery-default to stop
2020-01-13 23:52:23,142 INFO waiting for celery-beat to stop
2020-01-13 23:52:23,260 INFO stopped: celery-beat (exit status 0)
2020-01-13 23:52:24,801 INFO stopped: celery-default (exit status 0)
2020-01-13 23:52:24,806 INFO spawned: 'celery-default' with pid 99810
2020-01-13 23:52:24,811 INFO spawned: 'celery-beat' with pid 99811
2020-01-13 23:52:29,969 INFO success: celery-default entered RUNNING state, process has stayed up for > than 5 seconds (startsecs)
2020-01-13 23:52:29,969 INFO success: celery-beat entered RUNNING state, process has stayed up for > than 5 seconds (startsecs)
2020-01-14 00:01:50,224 INFO waiting for celery-default to stop
2020-01-14 00:01:50,224 INFO waiting for celery-beat to stop
2020-01-14 00:01:50,340 INFO stopped: celery-beat (exit status 0)
2020-01-14 00:01:51,893 INFO stopped: celery-default (exit status 0)
2020-01-14 00:01:51,900 INFO spawned: 'celery-default' with pid 2273
2020-01-14 00:01:51,902 INFO spawned: 'celery-beat' with pid 2274
2020-01-14 00:01:57,137 INFO success: celery-default entered RUNNING state, process has stayed up for > than 5 seconds (startsecs)
2020-01-14 00:01:57,137 INFO success: celery-beat entered RUNNING state, process has stayed up for > than 5 seconds (startsecs)
2020-01-14 00:03:42,278 INFO waiting for celery-default to stop
2020-01-14 00:03:42,279 INFO waiting for celery-beat to stop
2020-01-14 00:03:42,398 INFO stopped: celery-beat (exit status 0)
2020-01-14 00:03:43,954 INFO stopped: celery-default (exit status 0)
2020-01-14 00:03:43,961 INFO spawned: 'celery-default' with pid 2735
2020-01-14 00:03:43,963 INFO spawned: 'celery-beat' with pid 2736
2020-01-14 00:03:49,195 INFO success: celery-default entered RUNNING state, process has stayed up for > than 5 seconds (startsecs)
2020-01-14 00:03:49,196 INFO success: celery-beat entered RUNNING state, process has stayed up for > than 5 seconds (startsecs)
2020-01-14 00:09:27,616 INFO waiting for celery-default to stop
2020-01-14 00:09:27,616 INFO waiting for celery-beat to stop
2020-01-14 00:09:27,728 INFO stopped: celery-beat (exit status 0)
2020-01-14 00:09:29,276 INFO stopped: celery-default (exit status 0)
2020-01-14 00:09:29,283 INFO spawned: 'celery-default' with pid 4030
2020-01-14 00:09:29,285 INFO spawned: 'celery-beat' with pid 4031
2020-01-14 00:09:34,492 INFO success: celery-default entered RUNNING state, process has stayed up for > than 5 seconds (startsecs)
2020-01-14 00:09:34,492 INFO success: celery-beat entered RUNNING state, process has stayed up for > than 5 seconds (startsecs)
2020-01-14 00:13:48,436 INFO waiting for celery-default to stop
2020-01-14 00:13:48,437 INFO waiting for celery-beat to stop
2020-01-14 00:13:48,556 INFO stopped: celery-beat (exit status 0)
2020-01-14 00:13:50,089 INFO stopped: celery-default (exit status 0)
2020-01-14 00:13:50,096 INFO spawned: 'celery-default' with pid 5065
2020-01-14 00:13:50,099 INFO spawned: 'celery-beat' with pid 5066
2020-01-14 00:13:55,323 INFO success: celery-default entered RUNNING state, process has stayed up for > than 5 seconds (startsecs)
2020-01-14 00:13:55,324 INFO success: celery-beat entered RUNNING state, process has stayed up for > than 5 seconds (startsecs)
2020-01-14 00:20:49,123 INFO waiting for celery-default to stop
2020-01-14 00:20:49,124 INFO waiting for celery-beat to stop
2020-01-14 00:20:49,244 INFO stopped: celery-beat (exit status 0)
2020-01-14 00:20:50,782 INFO stopped: celery-default (exit status 0)
2020-01-14 00:20:50,789 INFO spawned: 'celery-default' with pid 6676
2020-01-14 00:20:50,792 INFO spawned: 'celery-beat' with pid 6677
2020-01-14 00:20:55,973 INFO success: celery-default entered RUNNING state, process has stayed up for > than 5 seconds (startsecs)
2020-01-14 00:20:55,974 INFO success: celery-beat entered RUNNING state, process has stayed up for > than 5 seconds (startsecs)
2020-01-14 09:20:51,779 INFO waiting for celery-default to stop
2020-01-14 09:20:51,780 INFO waiting for celery-beat to stop
2020-01-14 09:20:51,904 INFO stopped: celery-beat (exit status 0)
2020-01-14 09:20:53,443 INFO stopped: celery-default (exit status 0)
2020-01-14 09:20:54,450 INFO spawned: 'celery-default' with pid 92221
2020-01-14 09:20:54,453 INFO spawned: 'celery-beat' with pid 92222
2020-01-14 09:20:59,687 INFO success: celery-default entered RUNNING state, process has stayed up for > than 5 seconds (startsecs)
2020-01-14 09:20:59,688 INFO success: celery-beat entered RUNNING state, process has stayed up for > than 5 seconds (startsecs)
2020-01-14 09:23:43,151 INFO waiting for celery-default to stop
2020-01-14 09:23:43,151 INFO waiting for celery-beat to stop
2020-01-14 09:23:43,246 INFO stopped: celery-beat (exit status 0)
2020-01-14 09:23:44,783 INFO stopped: celery-default (exit status 0)
2020-01-14 09:23:44,789 INFO spawned: 'celery-default' with pid 92862
2020-01-14 09:23:44,791 INFO spawned: 'celery-beat' with pid 92863
2020-01-14 09:23:49,895 INFO success: celery-default entered RUNNING state, process has stayed up for > than 5 seconds (startsecs)
2020-01-14 09:23:49,897 INFO success: celery-beat entered RUNNING state, process has stayed up for > than 5 seconds (startsecs)
2020-01-14 09:31:23,351 INFO waiting for celery-default to stop
2020-01-14 09:31:23,352 INFO waiting for celery-beat to stop
2020-01-14 09:31:23,438 INFO stopped: celery-beat (exit status 0)
2020-01-14 09:31:24,969 INFO stopped: celery-default (exit status 0)
2020-01-14 09:31:25,978 INFO spawned: 'celery-default' with pid 94876
2020-01-14 09:31:25,980 INFO spawned: 'celery-beat' with pid 94877
2020-01-14 09:31:31,074 INFO success: celery-default entered RUNNING state, process has stayed up for > than 5 seconds (startsecs)
2020-01-14 09:31:31,075 INFO success: celery-beat entered RUNNING state, process has stayed up for > than 5 seconds (startsecs)
2020-01-14 09:33:49,999 INFO waiting for celery-default to stop
2020-01-14 09:33:49,999 INFO waiting for celery-beat to stop
2020-01-14 09:33:50,095 INFO stopped: celery-beat (exit status 0)
2020-01-14 09:33:50,826 INFO stopped: celery-default (exit status 0)
2020-01-14 09:33:51,837 INFO spawned: 'celery-default' with pid 95442
2020-01-14 09:33:51,840 INFO spawned: 'celery-beat' with pid 95443
2020-01-14 09:33:57,027 INFO success: celery-default entered RUNNING state, process has stayed up for > than 5 seconds (startsecs)
2020-01-14 09:33:57,028 INFO success: celery-beat entered RUNNING state, process has stayed up for > than 5 seconds (startsecs)
2020-01-14 09:35:18,007 INFO waiting for celery-default to stop
2020-01-14 09:35:18,007 INFO waiting for celery-beat to stop
2020-01-14 09:35:18,092 INFO stopped: celery-beat (exit status 0)
2020-01-14 09:35:19,625 INFO stopped: celery-default (exit status 0)
2020-01-14 09:35:20,632 INFO spawned: 'celery-default' with pid 95882
2020-01-14 09:35:20,635 INFO spawned: 'celery-beat' with pid 95883
2020-01-14 09:35:25,724 INFO success: celery-default entered RUNNING state, process has stayed up for > than 5 seconds (startsecs)
2020-01-14 09:35:25,724 INFO success: celery-beat entered RUNNING state, process has stayed up for > than 5 seconds (startsecs)
2020-01-14 09:37:34,112 INFO waiting for celery-default to stop
2020-01-14 09:37:34,112 INFO waiting for celery-beat to stop
2020-01-14 09:37:34,208 INFO stopped: celery-beat (exit status 0)
2020-01-14 09:37:34,912 INFO stopped: celery-default (exit status 0)
2020-01-14 09:37:35,924 INFO spawned: 'celery-default' with pid 96387
2020-01-14 09:37:35,927 INFO spawned: 'celery-beat' with pid 96388
2020-01-14 09:37:41,039 INFO success: celery-default entered RUNNING state, process has stayed up for > than 5 seconds (startsecs)
2020-01-14 09:37:41,040 INFO success: celery-beat entered RUNNING state, process has stayed up for > than 5 seconds (startsecs)
2020-01-14 09:42:47,271 INFO waiting for celery-default to stop
2020-01-14 09:42:47,271 INFO waiting for celery-beat to stop
2020-01-14 09:42:47,354 INFO stopped: celery-beat (exit status 0)
2020-01-14 09:42:48,887 INFO stopped: celery-default (exit status 0)
2020-01-14 09:42:49,893 INFO spawned: 'celery-default' with pid 97536
2020-01-14 09:42:49,895 INFO spawned: 'celery-beat' with pid 97537
2020-01-14 09:42:55,089 INFO success: celery-default entered RUNNING state, process has stayed up for > than 5 seconds (startsecs)
2020-01-14 09:42:55,090 INFO success: celery-beat entered RUNNING state, process has stayed up for > than 5 seconds (startsecs)
2020-01-14 09:46:33,158 INFO waiting for celery-default to stop
2020-01-14 09:46:33,159 INFO waiting for celery-beat to stop
2020-01-14 09:46:33,272 INFO stopped: celery-beat (exit status 0)
2020-01-14 09:46:34,785 INFO stopped: celery-default (exit status 0)
2020-01-14 09:46:34,792 INFO spawned: 'celery-default' with pid 98432
2020-01-14 09:46:34,794 INFO spawned: 'celery-beat' with pid 98433
2020-01-14 09:46:39,937 INFO success: celery-default entered RUNNING state, process has stayed up for > than 5 seconds (startsecs)
2020-01-14 09:46:39,938 INFO success: celery-beat entered RUNNING state, process has stayed up for > than 5 seconds (startsecs)
2020-01-14 09:50:40,659 INFO waiting for celery-default to stop
2020-01-14 09:50:40,659 INFO waiting for celery-beat to stop
2020-01-14 09:50:40,760 INFO stopped: celery-beat (exit status 0)
2020-01-14 09:50:41,450 INFO stopped: celery-default (exit status 0)
2020-01-14 09:50:42,458 INFO spawned: 'celery-default' with pid 99427
2020-01-14 09:50:42,460 INFO spawned: 'celery-beat' with pid 99428
2020-01-14 09:50:47,572 INFO success: celery-default entered RUNNING state, process has stayed up for > than 5 seconds (startsecs)
2020-01-14 09:50:47,573 INFO success: celery-beat entered RUNNING state, process has stayed up for > than 5 seconds (startsecs)
2020-01-14 09:52:10,746 INFO waiting for celery-default to stop
2020-01-14 09:52:10,746 INFO waiting for celery-beat to stop
2020-01-14 09:52:10,848 INFO stopped: celery-beat (exit status 0)
2020-01-14 09:52:11,550 INFO stopped: celery-default (exit status 0)
2020-01-14 09:52:12,559 INFO spawned: 'celery-default' with pid 99850
2020-01-14 09:52:12,561 INFO spawned: 'celery-beat' with pid 99851
2020-01-14 09:52:17,685 INFO success: celery-default entered RUNNING state, process has stayed up for > than 5 seconds (startsecs)
2020-01-14 09:52:17,686 INFO success: celery-beat entered RUNNING state, process has stayed up for > than 5 seconds (startsecs)
2020-01-14 09:58:12,946 INFO waiting for celery-default to stop
2020-01-14 09:58:12,947 INFO waiting for celery-beat to stop
2020-01-14 09:58:13,044 INFO stopped: celery-beat (exit status 0)
2020-01-14 09:58:13,761 INFO stopped: celery-default (exit status 0)
2020-01-14 09:58:14,771 INFO spawned: 'celery-default' with pid 1605
2020-01-14 09:58:14,774 INFO spawned: 'celery-beat' with pid 1606
2020-01-14 09:58:19,898 INFO success: celery-default entered RUNNING state, process has stayed up for > than 5 seconds (startsecs)
2020-01-14 09:58:19,899 INFO success: celery-beat entered RUNNING state, process has stayed up for > than 5 seconds (startsecs)
2020-01-14 10:00:15,900 INFO waiting for celery-default to stop
2020-01-14 10:00:15,900 INFO waiting for celery-beat to stop
2020-01-14 10:00:16,012 INFO stopped: celery-beat (exit status 0)
2020-01-14 10:00:16,690 INFO stopped: celery-default (exit status 0)
2020-01-14 10:00:17,702 INFO spawned: 'celery-default' with pid 2182
2020-01-14 10:00:17,704 INFO spawned: 'celery-beat' with pid 2183
2020-01-14 10:00:22,816 INFO success: celery-default entered RUNNING state, process has stayed up for > than 5 seconds (startsecs)
2020-01-14 10:00:22,817 INFO success: celery-beat entered RUNNING state, process has stayed up for > than 5 seconds (startsecs)
